[0806/171923:ERROR:renderer_main.cc(226)] Running without renderer sandbox
[0806/171923:ERROR:renderer_main.cc(226)] Running without renderer sandbox
[0806/171923:ERROR:renderer_main.cc(226)] Running without renderer sandbox
[0806/171923:INFO:CONSOLE(0)] "event.returnValue is deprecated. Please use the standard event.preventDefault() instead.", source:  (0)
[0806/171933:ERROR:renderer_main.cc(226)] Running without renderer sandbox
[0806/171933:ERROR:renderer_main.cc(226)] Running without renderer sandbox
[0806/171933:ERROR:renderer_main.cc(226)] Running without renderer sandbox
[0806/171933:INFO:CONSOLE(0)] "event.returnValue is deprecated. Please use the standard event.preventDefault() instead.", source:  (0)
[0806/172026:INFO:CONSOLE(1)] "ReferenceError: EdgeDOM is not defined
    at eval (eval at <anonymous> (about:blank:0:45), <anonymous>:1:7)
    at about:blank:0:45", source:  (1)
[0806/172026:ERROR:renderer_main.cc(226)] Running without renderer sandbox
[0806/214419:ERROR:gpu_info_collector_win.cc(102)] Can't retrieve a valid WinSAT assessment.
[0806/214431:ERROR:renderer_main.cc(226)] Running without renderer sandbox
[0806/214431:ERROR:renderer_main.cc(226)] Running without renderer sandbox
[0806/214431:ERROR:renderer_main.cc(226)] Running without renderer sandbox
[0806/214431:ERROR:renderer_main.cc(226)] Running without renderer sandbox
[0806/214431:INFO:dhcp_proxy_script_adapter_fetcher_win.cc(264)] Error fetching PAC URL from DHCP: 2
[0806/214431:INFO:dhcp_proxy_script_adapter_fetcher_win.cc(264)] Error fetching PAC URL from DHCP: 2
[0806/214431:INFO:dhcp_proxy_script_adapter_fetcher_win.cc(264)] Error fetching PAC URL from DHCP: 2
[0806/214433:INFO:CONSOLE(0)] "event.returnValue is deprecated. Please use the standard event.preventDefault() instead.", source:  (0)
[0806/214433:INFO:CONSOLE(0)] "event.returnValue is deprecated. Please use the standard event.preventDefault() instead.", source:  (0)
[0806/214440:INFO:dhcp_proxy_script_adapter_fetcher_win.cc(264)] Error fetching PAC URL from DHCP: 2
[0806/214440:INFO:dhcp_proxy_script_adapter_fetcher_win.cc(264)] Error fetching PAC URL from DHCP: 2
[0806/214440:INFO:dhcp_proxy_script_adapter_fetcher_win.cc(264)] Error fetching PAC URL from DHCP: 2
[0806/214518:INFO:dhcp_proxy_script_adapter_fetcher_win.cc(264)] Error fetching PAC URL from DHCP: 2
[0806/214518:INFO:dhcp_proxy_script_adapter_fetcher_win.cc(264)] Error fetching PAC URL from DHCP: 2
[0806/214518:INFO:dhcp_proxy_script_adapter_fetcher_win.cc(264)] Error fetching PAC URL from DHCP: 2
[0806/214706:INFO:CONSOLE(1)] "ReferenceError: EdgeDOM is not defined
    at eval (eval at <anonymous> (about:blank:0:45), <anonymous>:1:7)
    at about:blank:0:45", source:  (1)
[0806/214706:ERROR:renderer_main.cc(226)] Running without renderer sandbox
[0806/214921:INFO:dhcp_proxy_script_adapter_fetcher_win.cc(264)] Error fetching PAC URL from DHCP: 2
[0806/214921:INFO:dhcp_proxy_script_adapter_fetcher_win.cc(264)] Error fetching PAC URL from DHCP: 2
[0806/214921:INFO:dhcp_proxy_script_adapter_fetcher_win.cc(264)] Error fetching PAC URL from DHCP: 2
[0806/215313:INFO:CONSOLE(0)] "Uncaught TypeError: Cannot read property 'nodeType' of undefined,0", source: about:docKey-14507 (0)
[0806/215313:INFO:CONSOLE(0)] "Uncaught TypeError: Cannot read property 'nodeType' of undefined", source: http://127.0.0.1:54321/_DRIVE_C_EVIRD_/Users/heine/Documents/NetBeansProjects/Plantilla_Espaniol-EDGE/public_html/edge_includes/jquery-2.0.3.min.js (0)
[0806/215651:INFO:CONSOLE(1)] "ReferenceError: EdgeDOM is not defined
    at eval (eval at <anonymous> (about:blank:0:45), <anonymous>:1:7)
    at about:blank:0:47", source:  (1)
[0806/215652:ERROR:renderer_main.cc(226)] Running without renderer sandbox
[0806/220755:ERROR:gpu_info_collector_win.cc(102)] Can't retrieve a valid WinSAT assessment.
[0806/220806:ERROR:renderer_main.cc(226)] Running without renderer sandbox
[0806/220806:ERROR:renderer_main.cc(226)] Running without renderer sandbox
[0806/220806:ERROR:renderer_main.cc(226)] Running without renderer sandbox
[0806/220806:ERROR:renderer_main.cc(226)] Running without renderer sandbox
[0806/220807:INFO:dhcp_proxy_script_adapter_fetcher_win.cc(264)] Error fetching PAC URL from DHCP: 2
[0806/220807:INFO:dhcp_proxy_script_adapter_fetcher_win.cc(264)] Error fetching PAC URL from DHCP: 2
[0806/220807:INFO:dhcp_proxy_script_adapter_fetcher_win.cc(264)] Error fetching PAC URL from DHCP: 2
[0806/220808:INFO:CONSOLE(1)] "Uncaught TypeError: Cannot call method 'appendChild' of undefined", source: v8/appCss (1)
[0806/220809:INFO:CONSOLE(1)] "Uncaught TypeError: Cannot call method 'appendChild' of undefined", source: v8/appCss (1)
[0806/220809:INFO:CONSOLE(0)] "event.returnValue is deprecated. Please use the standard event.preventDefault() instead.", source:  (0)
[0806/220809:INFO:CONSOLE(0)] "event.returnValue is deprecated. Please use the standard event.preventDefault() instead.", source:  (0)
[0806/220816:INFO:dhcp_proxy_script_adapter_fetcher_win.cc(264)] Error fetching PAC URL from DHCP: 2
[0806/220816:INFO:dhcp_proxy_script_adapter_fetcher_win.cc(264)] Error fetching PAC URL from DHCP: 2
[0806/220816:INFO:dhcp_proxy_script_adapter_fetcher_win.cc(264)] Error fetching PAC URL from DHCP: 2
[0806/220857:INFO:dhcp_proxy_script_adapter_fetcher_win.cc(264)] Error fetching PAC URL from DHCP: 2
[0806/220857:INFO:dhcp_proxy_script_adapter_fetcher_win.cc(264)] Error fetching PAC URL from DHCP: 2
[0806/220857:INFO:dhcp_proxy_script_adapter_fetcher_win.cc(264)] Error fetching PAC URL from DHCP: 2
[0806/221350:INFO:dhcp_proxy_script_adapter_fetcher_win.cc(264)] Error fetching PAC URL from DHCP: 2
[0806/221350:INFO:dhcp_proxy_script_adapter_fetcher_win.cc(264)] Error fetching PAC URL from DHCP: 2
[0806/221350:INFO:dhcp_proxy_script_adapter_fetcher_win.cc(264)] Error fetching PAC URL from DHCP: 2
[0806/221444:INFO:CONSOLE(1)] "ReferenceError: EdgeDOM is not defined
    at eval (eval at <anonymous> (about:blank:0:45), <anonymous>:1:7)
    at about:blank:0:45", source:  (1)
[0806/221444:ERROR:renderer_main.cc(226)] Running without renderer sandbox
[0806/221515:INFO:CONSOLE(0)] "Uncaught TypeError: Cannot read property 'nodeType' of undefined,0", source: about:docKey-10454 (0)
[0806/221515:INFO:CONSOLE(0)] "Uncaught TypeError: Cannot read property 'nodeType' of undefined", source: http://127.0.0.1:54321/_DRIVE_C_EVIRD_/Users/heine/Documents/NetBeansProjects/Plantilla_Espaniol-EDGE/public_html/edge_includes/jquery-2.0.3.min.js (0)
[0806/221708:INFO:CONSOLE(1)] "ReferenceError: EdgeDOM is not defined
    at eval (eval at <anonymous> (about:blank:0:45), <anonymous>:1:7)
    at about:blank:0:47", source:  (1)
[0806/221708:ERROR:renderer_main.cc(226)] Running without renderer sandbox
[0806/222202:ERROR:gpu_info_collector_win.cc(102)] Can't retrieve a valid WinSAT assessment.
[0806/222214:ERROR:renderer_main.cc(226)] Running without renderer sandbox
[0806/222214:ERROR:renderer_main.cc(226)] Running without renderer sandbox
[0806/222214:ERROR:renderer_main.cc(226)] Running without renderer sandbox
[0806/222214:ERROR:renderer_main.cc(226)] Running without renderer sandbox
[0806/222214:INFO:dhcp_proxy_script_adapter_fetcher_win.cc(264)] Error fetching PAC URL from DHCP: 2
[0806/222214:INFO:dhcp_proxy_script_adapter_fetcher_win.cc(264)] Error fetching PAC URL from DHCP: 2
[0806/222214:INFO:dhcp_proxy_script_adapter_fetcher_win.cc(264)] Error fetching PAC URL from DHCP: 2
[0806/222216:INFO:CONSOLE(1)] "Uncaught TypeError: Cannot call method 'appendChild' of undefined", source: v8/appCss (1)
[0806/222216:INFO:CONSOLE(1)] "Uncaught TypeError: Cannot call method 'appendChild' of undefined", source: v8/appCss (1)
[0806/222216:INFO:CONSOLE(1)] "Uncaught TypeError: Cannot call method 'appendChild' of undefined", source: v8/appCss (1)
[0806/222216:INFO:CONSOLE(0)] "event.returnValue is deprecated. Please use the standard event.preventDefault() instead.", source:  (0)
[0806/222216:INFO:CONSOLE(0)] "event.returnValue is deprecated. Please use the standard event.preventDefault() instead.", source:  (0)
