[0810/090722:ERROR:gl_surface_egl.cc(133)] eglInitialize failed with error UNKNOWN
[0810/090722:ERROR:gl_surface_win.cc(97)] GLSurfaceEGL::InitializeOneOff failed.
[0810/090733:ERROR:renderer_main.cc(226)] Running without renderer sandbox
[0810/090733:ERROR:renderer_main.cc(226)] Running without renderer sandbox
[0810/090733:ERROR:renderer_main.cc(226)] Running without renderer sandbox
[0810/090734:INFO:dhcp_proxy_script_adapter_fetcher_win.cc(264)] Error fetching PAC URL from DHCP: 2
[0810/090734:INFO:dhcp_proxy_script_adapter_fetcher_win.cc(264)] Error fetching PAC URL from DHCP: 2
[0810/090734:INFO:dhcp_proxy_script_adapter_fetcher_win.cc(264)] Error fetching PAC URL from DHCP: 2
[0810/090736:INFO:CONSOLE(0)] "event.returnValue is deprecated. Please use the standard event.preventDefault() instead.", source:  (0)
[0810/090743:INFO:dhcp_proxy_script_adapter_fetcher_win.cc(264)] Error fetching PAC URL from DHCP: 2
[0810/090743:INFO:dhcp_proxy_script_adapter_fetcher_win.cc(264)] Error fetching PAC URL from DHCP: 2
[0810/090743:INFO:dhcp_proxy_script_adapter_fetcher_win.cc(264)] Error fetching PAC URL from DHCP: 2
[0810/163424:ERROR:gpu_info_collector_win.cc(146)] Could not read gaming score from assessment results.
[0810/163424:ERROR:gl_surface_egl.cc(133)] eglInitialize failed with error UNKNOWN
[0810/163424:ERROR:gl_surface_win.cc(97)] GLSurfaceEGL::InitializeOneOff failed.
[0810/163435:ERROR:renderer_main.cc(226)] Running without renderer sandbox
[0810/163435:ERROR:renderer_main.cc(226)] Running without renderer sandbox
[0810/163435:ERROR:renderer_main.cc(226)] Running without renderer sandbox
[0810/163435:INFO:CONSOLE(0)] "event.returnValue is deprecated. Please use the standard event.preventDefault() instead.", source:  (0)
[0810/163521:INFO:CONSOLE(0)] "Uncaught TypeError: Cannot read property 'nodeType' of undefined,0", source: about:docKey-6283 (0)
[0810/163521:INFO:CONSOLE(0)] "Uncaught TypeError: Cannot read property 'nodeType' of undefined", source: http://127.0.0.1:54321/_DRIVE_C_EVIRD_/Users/asegura/Desktop/espanol/activ_esp/drga_condiseno/EDGE_DragAndDrop1To1-master/edge_includes/jquery-2.0.3.min.js (0)
