[0810/090722:ERROR:gl_surface_egl.cc(133)] eglInitialize failed with error UNKNOWN
[0810/090722:ERROR:gl_surface_win.cc(97)] GLSurfaceEGL::InitializeOneOff failed.
[0810/090733:ERROR:renderer_main.cc(226)] Running without renderer sandbox
[0810/090733:ERROR:renderer_main.cc(226)] Running without renderer sandbox
[0810/090733:ERROR:renderer_main.cc(226)] Running without renderer sandbox
[0810/090734:INFO:dhcp_proxy_script_adapter_fetcher_win.cc(264)] Error fetching PAC URL from DHCP: 2
[0810/090734:INFO:dhcp_proxy_script_adapter_fetcher_win.cc(264)] Error fetching PAC URL from DHCP: 2
[0810/090734:INFO:dhcp_proxy_script_adapter_fetcher_win.cc(264)] Error fetching PAC URL from DHCP: 2
[0810/090736:INFO:CONSOLE(0)] "event.returnValue is deprecated. Please use the standard event.preventDefault() instead.", source:  (0)
[0810/090743:INFO:dhcp_proxy_script_adapter_fetcher_win.cc(264)] Error fetching PAC URL from DHCP: 2
[0810/090743:INFO:dhcp_proxy_script_adapter_fetcher_win.cc(264)] Error fetching PAC URL from DHCP: 2
[0810/090743:INFO:dhcp_proxy_script_adapter_fetcher_win.cc(264)] Error fetching PAC URL from DHCP: 2
[0810/125917:ERROR:gl_surface_egl.cc(133)] eglInitialize failed with error UNKNOWN
[0810/125917:ERROR:gl_surface_win.cc(97)] GLSurfaceEGL::InitializeOneOff failed.
[0810/125940:ERROR:renderer_main.cc(226)] Running without renderer sandbox
[0810/125941:ERROR:renderer_main.cc(226)] Running without renderer sandbox
[0810/125942:ERROR:renderer_main.cc(226)] Running without renderer sandbox
[0810/125957:INFO:dhcp_proxy_script_adapter_fetcher_win.cc(264)] Error fetching PAC URL from DHCP: 2
[0810/125957:INFO:dhcp_proxy_script_adapter_fetcher_win.cc(264)] Error fetching PAC URL from DHCP: 2
[0810/125957:INFO:dhcp_proxy_script_adapter_fetcher_win.cc(264)] Error fetching PAC URL from DHCP: 2
[0810/130007:INFO:dhcp_proxy_script_adapter_fetcher_win.cc(264)] Error fetching PAC URL from DHCP: 2
[0810/130007:INFO:dhcp_proxy_script_adapter_fetcher_win.cc(264)] Error fetching PAC URL from DHCP: 2
[0810/130007:INFO:dhcp_proxy_script_adapter_fetcher_win.cc(264)] Error fetching PAC URL from DHCP: 2
[0810/130015:INFO:CONSOLE(0)] "event.returnValue is deprecated. Please use the standard event.preventDefault() instead.", source:  (0)
[0810/130015:INFO:CONSOLE(0)] "event.returnValue is deprecated. Please use the standard event.preventDefault() instead.", source:  (0)
[0810/130627:ERROR:gl_surface_egl.cc(133)] eglInitialize failed with error UNKNOWN
[0810/130627:ERROR:gl_surface_win.cc(97)] GLSurfaceEGL::InitializeOneOff failed.
[0810/130642:ERROR:renderer_main.cc(226)] Running without renderer sandbox
[0810/130642:ERROR:renderer_main.cc(226)] Running without renderer sandbox
[0810/130642:ERROR:renderer_main.cc(226)] Running without renderer sandbox
[0810/130642:ERROR:renderer_main.cc(226)] Running without renderer sandbox
[0810/130644:INFO:dhcp_proxy_script_adapter_fetcher_win.cc(264)] Error fetching PAC URL from DHCP: 2
[0810/130644:INFO:dhcp_proxy_script_adapter_fetcher_win.cc(264)] Error fetching PAC URL from DHCP: 2
[0810/130644:INFO:dhcp_proxy_script_adapter_fetcher_win.cc(264)] Error fetching PAC URL from DHCP: 2
[0810/130646:INFO:CONSOLE(0)] "event.returnValue is deprecated. Please use the standard event.preventDefault() instead.", source:  (0)
[0810/130647:INFO:CONSOLE(0)] "event.returnValue is deprecated. Please use the standard event.preventDefault() instead.", source:  (0)
[0810/130653:INFO:dhcp_proxy_script_adapter_fetcher_win.cc(264)] Error fetching PAC URL from DHCP: 2
[0810/130653:INFO:dhcp_proxy_script_adapter_fetcher_win.cc(264)] Error fetching PAC URL from DHCP: 2
[0810/130653:INFO:dhcp_proxy_script_adapter_fetcher_win.cc(264)] Error fetching PAC URL from DHCP: 2
[0810/130733:INFO:dhcp_proxy_script_adapter_fetcher_win.cc(264)] Error fetching PAC URL from DHCP: 2
[0810/130733:INFO:dhcp_proxy_script_adapter_fetcher_win.cc(264)] Error fetching PAC URL from DHCP: 2
[0810/130733:INFO:dhcp_proxy_script_adapter_fetcher_win.cc(264)] Error fetching PAC URL from DHCP: 2
[0810/131033:INFO:dhcp_proxy_script_adapter_fetcher_win.cc(264)] Error fetching PAC URL from DHCP: 2
[0810/131033:INFO:dhcp_proxy_script_adapter_fetcher_win.cc(264)] Error fetching PAC URL from DHCP: 2
[0810/131033:INFO:dhcp_proxy_script_adapter_fetcher_win.cc(264)] Error fetching PAC URL from DHCP: 2
[0810/131251:INFO:CONSOLE(1)] "ReferenceError: EdgeDOM is not defined
    at eval (eval at <anonymous> (about:blank:0:47), <anonymous>:1:7)
    at about:blank:0:47", source:  (1)
[0810/131307:ERROR:renderer_main.cc(226)] Running without renderer sandbox
